[debug] [2023-01-30T20:23:43.014Z] ----------------------------------------------------------------------
[debug] [2023-01-30T20:23:43.015Z] Command:       C:\Program Files\nodejs\node.exe C:\Users\sanju\AppData\Roaming\npm\node_modules\firebase-tools\lib\bin\firebase.js init functions
[debug] [2023-01-30T20:23:43.016Z] CLI Version:   11.20.0
[debug] [2023-01-30T20:23:43.016Z] Platform:      win32
[debug] [2023-01-30T20:23:43.016Z] Node Version:  v18.13.0
[debug] [2023-01-30T20:23:43.016Z] Time:          Tue Jan 31 2023 01:53:43 GMT+0530 (India Standard Time)
[debug] [2023-01-30T20:23:43.017Z] ----------------------------------------------------------------------
[debug] 
[debug] [2023-01-30T20:23:43.020Z] >>> [apiv2][query] GET https://firebase-public.firebaseio.com/cli.json [none]
[debug] [2023-01-30T20:23:43.053Z] > command requires scopes: ["email","openid","https://www.googleapis.com/auth/cloudplatformprojects.readonly","https://www.googleapis.com/auth/firebase","https://www.googleapis.com/auth/cloud-platform"]
[debug] [2023-01-30T20:23:43.053Z] > authorizing via signed-in user (sanjuladeshan802@gmail.com)
[info] 
     ######## #### ########  ######## ########     ###     ######  ########
     ##        ##  ##     ## ##       ##     ##  ##   ##  ##       ##
     ######    ##  ########  ######   ########  #########  ######  ######
     ##        ##  ##    ##  ##       ##     ## ##     ##       ## ##
     ##       #### ##     ## ######## ########  ##     ##  ######  ########

You're about to initialize a Firebase project in this directory:

  C:\Users\sanju\Documents\Play Ground\React\superchat

[debug] [2023-01-30T20:23:43.858Z] <<< [apiv2][status] GET https://firebase-public.firebaseio.com/cli.json 200
[debug] [2023-01-30T20:23:43.859Z] <<< [apiv2][body] GET https://firebase-public.firebaseio.com/cli.json {"cloudBuildErrorAfter":1594252800000,"cloudBuildWarnAfter":1590019200000,"defaultNode10After":1594252800000,"minVersion":"3.0.5","node8DeploysDisabledAfter":1613390400000,"node8RuntimeDisabledAfter":1615809600000,"node8WarnAfter":1600128000000}
[debug] [2023-01-31T06:23:49.224Z] ----------------------------------------------------------------------
[debug] [2023-01-31T06:23:49.226Z] Command:       C:\Program Files\nodejs\node.exe C:\Users\sanju\AppData\Roaming\npm\node_modules\firebase-tools\lib\bin\firebase.js init functions
[debug] [2023-01-31T06:23:49.226Z] CLI Version:   11.20.0
[debug] [2023-01-31T06:23:49.227Z] Platform:      win32
[debug] [2023-01-31T06:23:49.227Z] Node Version:  v18.13.0
[debug] [2023-01-31T06:23:49.227Z] Time:          Tue Jan 31 2023 11:53:49 GMT+0530 (India Standard Time)
[debug] [2023-01-31T06:23:49.227Z] ----------------------------------------------------------------------
[debug] 
[debug] [2023-01-31T06:23:49.233Z] > command requires scopes: ["email","openid","https://www.googleapis.com/auth/cloudplatformprojects.readonly","https://www.googleapis.com/auth/firebase","https://www.googleapis.com/auth/cloud-platform"]
[debug] [2023-01-31T06:23:49.234Z] > authorizing via signed-in user (sanjuladeshan802@gmail.com)
[info] 
     ######## #### ########  ######## ########     ###     ######  ########
     ##        ##  ##     ## ##       ##     ##  ##   ##  ##       ##
     ######    ##  ########  ######   ########  #########  ######  ######
     ##        ##  ##    ##  ##       ##     ## ##     ##       ## ##
     ##       #### ##     ## ######## ########  ##     ##  ######  ########

You're about to initialize a Firebase project in this directory:

  C:\Users\sanju\Documents\Play Ground\React\superchat

